-------------------------------------------------------------------------------
Test set: com.ArtemiScore.ArtemiScore.UsuariosServiceTest
-------------------------------------------------------------------------------
Tests run: 4, Failures: 1, Errors: 1, Skipped: 0, Time elapsed: 0.351 s <<< FAILURE! -- in com.ArtemiScore.ArtemiScore.UsuariosServiceTest
com.ArtemiScore.ArtemiScore.UsuariosServiceTest.deveListarTodos -- Time elapsed: 0.021 s <<< FAILURE!
org.opentest4j.AssertionFailedError: expected: <2> but was: <1>
	at org.junit.jupiter.api.AssertionFailureBuilder.build(AssertionFailureBuilder.java:151)
	at org.junit.jupiter.api.AssertionFailureBuilder.buildAndThrow(AssertionFailureBuilder.java:132)
	at org.junit.jupiter.api.AssertEquals.failNotEqual(AssertEquals.java:197)
	at org.junit.jupiter.api.AssertEquals.assertEquals(AssertEquals.java:150)
	at org.junit.jupiter.api.AssertEquals.assertEquals(AssertEquals.java:145)
	at org.junit.jupiter.api.Assertions.assertEquals(Assertions.java:531)
	at com.ArtemiScore.ArtemiScore.UsuariosServiceTest.deveListarTodos(UsuariosServiceTest.java:44)
	at java.base/java.lang.reflect.Method.invoke(Method.java:580)
	at java.base/java.util.ArrayList.forEach(ArrayList.java:1597)
	at java.base/java.util.ArrayList.forEach(ArrayList.java:1597)

com.ArtemiScore.ArtemiScore.UsuariosServiceTest.deveSalvarUsuario -- Time elapsed: 0.013 s <<< ERROR!
java.lang.NullPointerException: Cannot invoke "org.springframework.security.crypto.password.PasswordEncoder.encode(java.lang.CharSequence)" because "this.passwordEncoder" is null
	at com.artemiscore.artemiscore.service.UsuariosService.salvar(UsuariosService.java:37)
	at com.ArtemiScore.ArtemiScore.UsuariosServiceTest.deveSalvarUsuario(UsuariosServiceTest.java:67)
	at java.base/java.lang.reflect.Method.invoke(Method.java:580)
	at java.base/java.util.ArrayList.forEach(ArrayList.java:1597)
	at java.base/java.util.ArrayList.forEach(ArrayList.java:1597)

