# JRE version: Java(TM) SE Runtime Environment (23.0.1+11) (build 23.0.1+11-39)
# Java VM: Java HotSpot(TM) 64-Bit Server VM (23.0.1+11-39, mixed mode, sharing, tiered, compressed oops, compressed class ptrs, g1 gc, windows-amd64)
GC Precious Log:
 CardTable entry size: 512
 Card Set container configuration: InlinePtr #cards 4 size 8 Array Of Cards #cards 32 size 80 Howl #buckets 8 coarsen threshold 7372 Howl Bitmap #cards 1024 size 144 coarsen threshold 921 Card regions per heap region 1 cards per card region 8192
 CPUs: 20 total, 20 available
 Memory: 32671M
 Large Page Support: Disabled
 NUMA Support: Disabled
 Compressed Oops: Enabled (Zero based)
 Heap Region Size: 4M
 Heap Min Capacity: 8M
 Heap Initial Capacity: 512M
 Heap Max Capacity: 8168M
 Pre-touch: Disabled
 Parallel Workers: 15
 Concurrent Workers: 4
 Concurrent Refinement Workers: 15
 Periodic GC: Disabled
Heap:
 garbage-first heap   total reserved 8364032K, committed 102400K, used 61942K [0x0000000601800000, 0x0000000800000000)
  region size 4096K, 6 young (24576K), 1 survivors (4096K)
 Metaspace       used 92438K, committed 93312K, reserved 1179648K
  class space    used 12321K, committed 12736K, reserved 1048576K
GC Heap History (20 events):
Event: 113.205 GC heap after
{Heap after GC invocations=40 (full 1):
 garbage-first heap   total reserved 8364032K, committed 90112K, used 52580K [0x0000000601800000, 0x0000000800000000)
  region size 4096K, 1 young (4096K), 1 survivors (4096K)
 Metaspace       used 90409K, committed 91328K, reserved 1179648K
  class space    used 12250K, committed 12672K, reserved 1048576K
}
Event: 113.368 GC heap before
{Heap before GC invocations=40 (full 1):
 garbage-first heap   total reserved 8364032K, committed 90112K, used 73060K [0x0000000601800000, 0x0000000800000000)
  region size 4096K, 6 young (24576K), 1 survivors (4096K)
 Metaspace       used 90675K, committed 91584K, reserved 1179648K
  class space    used 12265K, committed 12672K, reserved 1048576K
}
Event: 113.373 GC heap after
{Heap after GC invocations=41 (full 1):
 garbage-first heap   total reserved 8364032K, committed 90112K, used 52974K [0x0000000601800000, 0x0000000800000000)
  region size 4096K, 1 young (4096K), 1 survivors (4096K)
 Metaspace       used 90675K, committed 91584K, reserved 1179648K
  class space    used 12265K, committed 12672K, reserved 1048576K
}
Event: 113.496 GC heap before
{Heap before GC invocations=41 (full 1):
 garbage-first heap   total reserved 8364032K, committed 90112K, used 73454K [0x0000000601800000, 0x0000000800000000)
  region size 4096K, 6 young (24576K), 1 survivors (4096K)
 Metaspace       used 90704K, committed 91584K, reserved 1179648K
  class space    used 12266K, committed 12672K, reserved 1048576K
}
Event: 113.499 GC heap after
{Heap after GC invocations=42 (full 1):
 garbage-first heap   total reserved 8364032K, committed 90112K, used 54238K [0x0000000601800000, 0x0000000800000000)
  region size 4096K, 1 young (4096K), 1 survivors (4096K)
 Metaspace       used 90704K, committed 91584K, reserved 1179648K
  class space    used 12266K, committed 12672K, reserved 1048576K
}
Event: 122.336 GC heap before
{Heap before GC invocations=43 (full 1):
 garbage-first heap   total reserved 8364032K, committed 98304K, used 74718K [0x0000000601800000, 0x0000000800000000)
  region size 4096K, 6 young (24576K), 1 survivors (4096K)
 Metaspace       used 91074K, committed 91904K, reserved 1179648K
  class space    used 12283K, committed 12672K, reserved 1048576K
}
Event: 122.339 GC heap after
{Heap after GC invocations=44 (full 1):
 garbage-first heap   total reserved 8364032K, committed 98304K, used 55970K [0x0000000601800000, 0x0000000800000000)
  region size 4096K, 1 young (4096K), 1 survivors (4096K)
 Metaspace       used 91074K, committed 91904K, reserved 1179648K
  class space    used 12283K, committed 12672K, reserved 1048576K
}
Event: 137.769 GC heap before
{Heap before GC invocations=44 (full 1):
 garbage-first heap   total reserved 8364032K, committed 98304K, used 80546K [0x0000000601800000, 0x0000000800000000)
  region size 4096K, 8 young (32768K), 1 survivors (4096K)
 Metaspace       used 91585K, committed 92480K, reserved 1179648K
  class space    used 12286K, committed 12672K, reserved 1048576K
}
Event: 137.774 GC heap after
{Heap after GC invocations=45 (full 1):
 garbage-first heap   total reserved 8364032K, committed 98304K, used 55657K [0x0000000601800000, 0x0000000800000000)
  region size 4096K, 1 young (4096K), 1 survivors (4096K)
 Metaspace       used 91585K, committed 92480K, reserved 1179648K
  class space    used 12286K, committed 12672K, reserved 1048576K
}
Event: 263.927 GC heap before
{Heap before GC invocations=45 (full 1):
 garbage-first heap   total reserved 8364032K, committed 98304K, used 80233K [0x0000000601800000, 0x0000000800000000)
  region size 4096K, 7 young (28672K), 1 survivors (4096K)
 Metaspace       used 91655K, committed 92544K, reserved 1179648K
  class space    used 12286K, committed 12672K, reserved 1048576K
}
Event: 263.929 GC heap after
{Heap after GC invocations=46 (full 1):
 garbage-first heap   total reserved 8364032K, committed 98304K, used 55364K [0x0000000601800000, 0x0000000800000000)
  region size 4096K, 1 young (4096K), 1 survivors (4096K)
 Metaspace       used 91655K, committed 92544K, reserved 1179648K
  class space    used 12286K, committed 12672K, reserved 1048576K
}
Event: 331.021 GC heap before
{Heap before GC invocations=47 (full 1):
 garbage-first heap   total reserved 8364032K, committed 102400K, used 79940K [0x0000000601800000, 0x0000000800000000)
  region size 4096K, 7 young (28672K), 1 survivors (4096K)
 Metaspace       used 91786K, committed 92672K, reserved 1179648K
  class space    used 12289K, committed 12672K, reserved 1048576K
}
Event: 331.023 GC heap after
{Heap after GC invocations=48 (full 1):
 garbage-first heap   total reserved 8364032K, committed 102400K, used 55686K [0x0000000601800000, 0x0000000800000000)
  region size 4096K, 1 young (4096K), 1 survivors (4096K)
 Metaspace       used 91786K, committed 92672K, reserved 1179648K
  class space    used 12289K, committed 12672K, reserved 1048576K
}
Event: 397.150 GC heap before
{Heap before GC invocations=48 (full 1):
 garbage-first heap   total reserved 8364032K, committed 102400K, used 76166K [0x0000000601800000, 0x0000000800000000)
  region size 4096K, 7 young (28672K), 1 survivors (4096K)
 Metaspace       used 91843K, committed 92736K, reserved 1179648K
  class space    used 12289K, committed 12672K, reserved 1048576K
}
Event: 397.303 GC heap after
{Heap after GC invocations=49 (full 2):
 garbage-first heap   total reserved 8364032K, committed 102400K, used 38182K [0x0000000601800000, 0x0000000800000000)
  region size 4096K, 0 young (0K), 0 survivors (0K)
 Metaspace       used 91838K, committed 92736K, reserved 1179648K
  class space    used 12288K, committed 12672K, reserved 1048576K
}
Event: 398.086 GC heap before
{Heap before GC invocations=49 (full 2):
 garbage-first heap   total reserved 8364032K, committed 102400K, used 87334K [0x0000000601800000, 0x0000000800000000)
  region size 4096K, 13 young (53248K), 0 survivors (0K)
 Metaspace       used 92033K, committed 92992K, reserved 1179648K
  class space    used 12301K, committed 12736K, reserved 1048576K
}
Event: 398.090 GC heap after
{Heap after GC invocations=50 (full 2):
 garbage-first heap   total reserved 8364032K, committed 102400K, used 43072K [0x0000000601800000, 0x0000000800000000)
  region size 4096K, 2 young (8192K), 2 survivors (8192K)
 Metaspace       used 92033K, committed 92992K, reserved 1179648K
  class space    used 12301K, committed 12736K, reserved 1048576K
}
Event: 398.428 GC heap before
{Heap before GC invocations=51 (full 2):
 garbage-first heap   total reserved 8364032K, committed 102400K, used 79936K [0x0000000601800000, 0x0000000800000000)
  region size 4096K, 11 young (45056K), 2 survivors (8192K)
 Metaspace       used 92404K, committed 93312K, reserved 1179648K
  class space    used 12320K, committed 12736K, reserved 1048576K
}
Event: 398.432 GC heap after
{Heap after GC invocations=52 (full 2):
 garbage-first heap   total reserved 8364032K, committed 102400K, used 45558K [0x0000000601800000, 0x0000000800000000)
  region size 4096K, 1 young (4096K), 1 survivors (4096K)
 Metaspace       used 92404K, committed 93312K, reserved 1179648K
  class space    used 12320K, committed 12736K, reserved 1048576K
}
Event: 402.106 GC heap before
{Heap before GC invocations=52 (full 2):
 garbage-first heap   total reserved 8364032K, committed 102400K, used 61942K [0x0000000601800000, 0x0000000800000000)
  region size 4096K, 6 young (24576K), 1 survivors (4096K)
 Metaspace       used 92438K, committed 93312K, reserved 1179648K
  class space    used 12321K, committed 12736K, reserved 1048576K
}

